[main a4f1765] Backup: 2026-02-27 10:00
 2 files changed, 1 insertion(+), 1 deletion(-)
 create mode 100644 backup.log
To https://github.com/mamochiro/mark-knowledge-base.git
   725ef79..a4f1765  main -> main
Synced to GitHub at Fri Feb 27 10:00:06 +07 2026
No changes to commit
[main c811927] Backup: 2026-03-02 10:00
 1 file changed, 1 insertion(+)
To https://github.com/mamochiro/mark-knowledge-base.git
   1b53d80..c811927  main -> main
Synced to GitHub at Mon Mar  2 10:00:07 +07 2026
No changes to commit
[main be1ea9c] Backup: 2026-03-04 22:00
 8 files changed, 134 insertions(+)
 create mode 100644 .idea/material_theme_project_new.xml
 create mode 100644 .idea/modules.xml
 create mode 100644 .idea/vcs.xml
 create mode 100644 .idea/workspace.iml
 create mode 100644 .idea/workspace.xml
 create mode 100644 cron-test.log
 create mode 100644 workout-trigger.txt
To https://github.com/mamochiro/mark-knowledge-base.git
   ffad161..be1ea9c  main -> main
Synced to GitHub at Wed Mar  4 22:00:03 +07 2026
[main f7e0a06] Backup: 2026-03-05 10:00
 1 file changed, 12 insertions(+)
To https://github.com/mamochiro/mark-knowledge-base.git
   be1ea9c..f7e0a06  main -> main
Synced to GitHub at Thu Mar  5 10:00:03 +07 2026
[main 63418e4] Backup: 2026-03-05 22:00
 2 files changed, 6 insertions(+)
To https://github.com/mamochiro/mark-knowledge-base.git
   f7e0a06..63418e4  main -> main
Synced to GitHub at Thu Mar  5 22:00:03 +07 2026
[main 224a4a4] Backup: 2026-03-06 10:00
 1 file changed, 5 insertions(+)
To https://github.com/mamochiro/mark-knowledge-base.git
   63418e4..224a4a4  main -> main
Synced to GitHub at Fri Mar  6 10:00:02 +07 2026
[main d2bd301] Backup: 2026-03-06 22:05
 5 files changed, 14 insertions(+)
 create mode 100644 memory/2026-03-06.md
 create mode 100644 memory/last-workout-ask.txt
To https://github.com/mamochiro/mark-knowledge-base.git
   224a4a4..d2bd301  main -> main
Synced to GitHub at Fri Mar  6 22:05:22 +07 2026
[main 8d85697] Backup: 2026-03-08 22:00
 2 files changed, 8 insertions(+)
To https://github.com/mamochiro/mark-knowledge-base.git
   d2bd301..8d85697  main -> main
Synced to GitHub at Sun Mar  8 22:00:04 +07 2026
[main ce0e528] Backup: 2026-03-09 22:00
 2 files changed, 6 insertions(+)
To https://github.com/mamochiro/mark-knowledge-base.git
   8d85697..ce0e528  main -> main
Synced to GitHub at Mon Mar  9 22:00:04 +07 2026
[main f1b36dd] Backup: 2026-03-10 10:00
 1 file changed, 5 insertions(+)
To https://github.com/mamochiro/mark-knowledge-base.git
   ce0e528..f1b36dd  main -> main
Synced to GitHub at Tue Mar 10 10:00:03 +07 2026
[main f2639ae] Backup: 2026-03-11 10:00
 2 files changed, 6 insertions(+)
To https://github.com/mamochiro/mark-knowledge-base.git
   f1b36dd..f2639ae  main -> main
Synced to GitHub at Wed Mar 11 10:00:02 +07 2026
[main 39b999c] Backup: 2026-03-11 22:00
 2 files changed, 6 insertions(+)
To https://github.com/mamochiro/mark-knowledge-base.git
   f2639ae..39b999c  main -> main
Synced to GitHub at Wed Mar 11 22:00:12 +07 2026
[main 0aef101] Backup: 2026-03-12 10:00
 2 files changed, 6 insertions(+)
To https://github.com/mamochiro/mark-knowledge-base.git
   39b999c..0aef101  main -> main
Synced to GitHub at Thu Mar 12 10:00:03 +07 2026
[main bb7e64c] Backup: 2026-03-12 22:00
 2 files changed, 6 insertions(+)
To https://github.com/mamochiro/mark-knowledge-base.git
   0aef101..bb7e64c  main -> main
Synced to GitHub at Thu Mar 12 22:00:03 +07 2026
[main ef2b3ca] Backup: 2026-03-13 10:00
 1 file changed, 5 insertions(+)
To https://github.com/mamochiro/mark-knowledge-base.git
   bb7e64c..ef2b3ca  main -> main
Synced to GitHub at Fri Mar 13 10:00:02 +07 2026
[main 9f90378] Backup: 2026-03-15 22:00
 2 files changed, 7 insertions(+)
To https://github.com/mamochiro/mark-knowledge-base.git
   ef2b3ca..9f90378  main -> main
Synced to GitHub at Sun Mar 15 22:00:03 +07 2026
[main 1ab16e8] Backup: 2026-03-16 10:07
 1 file changed, 5 insertions(+)
To https://github.com/mamochiro/mark-knowledge-base.git
   9f90378..1ab16e8  main -> main
Synced to GitHub at Mon Mar 16 10:07:55 +07 2026
[main 9b436cd] Backup: 2026-03-17 10:00
 2 files changed, 6 insertions(+)
To https://github.com/mamochiro/mark-knowledge-base.git
   1ab16e8..9b436cd  main -> main
Synced to GitHub at Tue Mar 17 10:00:02 +07 2026
[main dd68141] Backup: 2026-03-17 22:00
 2 files changed, 6 insertions(+)
To https://github.com/mamochiro/mark-knowledge-base.git
   9b436cd..dd68141  main -> main
Synced to GitHub at Tue Mar 17 22:00:03 +07 2026
[main 48d4d8c] Backup: 2026-03-18 10:00
 1 file changed, 5 insertions(+)
To https://github.com/mamochiro/mark-knowledge-base.git
   dd68141..48d4d8c  main -> main
Synced to GitHub at Wed Mar 18 10:00:04 +07 2026
[main 97db158] Backup: 2026-03-19 10:00
 2 files changed, 6 insertions(+)
To https://github.com/mamochiro/mark-knowledge-base.git
   48d4d8c..97db158  main -> main
Synced to GitHub at Thu Mar 19 10:00:02 +07 2026
[main df65ae8] Backup: 2026-03-19 22:00
 2 files changed, 6 insertions(+)
To https://github.com/mamochiro/mark-knowledge-base.git
   97db158..df65ae8  main -> main
Synced to GitHub at Thu Mar 19 22:00:03 +07 2026
[main 2804c90] Backup: 2026-03-21 22:09
 1 file changed, 5 insertions(+)
fatal: unable to access 'https://github.com/mamochiro/mark-knowledge-base.git/': Could not resolve host: github.com
Synced to GitHub at Sat Mar 21 22:09:17 +07 2026
[main 716346b] Backup: 2026-03-23 10:00
 2 files changed, 5 insertions(+)
To https://github.com/mamochiro/mark-knowledge-base.git
   df65ae8..716346b  main -> main
Synced to GitHub at Mon Mar 23 10:00:02 +07 2026
[main e213105] Backup: 2026-03-23 22:00
 2 files changed, 6 insertions(+)
To https://github.com/mamochiro/mark-knowledge-base.git
   716346b..e213105  main -> main
Synced to GitHub at Mon Mar 23 22:00:16 +07 2026
[main 9509ea2] Backup: 2026-03-24 10:00
 1 file changed, 5 insertions(+)
To https://github.com/mamochiro/mark-knowledge-base.git
   e213105..9509ea2  main -> main
Synced to GitHub at Tue Mar 24 10:00:03 +07 2026
[main 567cc12] Backup: 2026-03-25 10:00
 2 files changed, 6 insertions(+)
To https://github.com/mamochiro/mark-knowledge-base.git
   9509ea2..567cc12  main -> main
Synced to GitHub at Wed Mar 25 10:00:04 +07 2026
[main 3aa3029] Backup: 2026-03-26 10:00
 2 files changed, 6 insertions(+)
To https://github.com/mamochiro/mark-knowledge-base.git
   567cc12..3aa3029  main -> main
Synced to GitHub at Thu Mar 26 10:00:04 +07 2026
[main 9a3276e] Backup: 2026-03-27 10:00
 2 files changed, 6 insertions(+)
To https://github.com/mamochiro/mark-knowledge-base.git
   3aa3029..9a3276e  main -> main
Synced to GitHub at Fri Mar 27 10:00:03 +07 2026
[main 0709baa] Backup: 2026-03-28 22:02
 2 files changed, 6 insertions(+)
To https://github.com/mamochiro/mark-knowledge-base.git
   9a3276e..0709baa  main -> main
Synced to GitHub at Sat Mar 28 22:02:29 +07 2026
[main d4c1953] Backup: 2026-03-29 22:00
 2 files changed, 7 insertions(+)
To https://github.com/mamochiro/mark-knowledge-base.git
   0709baa..d4c1953  main -> main
Synced to GitHub at Sun Mar 29 22:00:02 +07 2026
[main d69a27d] Backup: 2026-03-30 10:00
 2 files changed, 7 insertions(+)
To https://github.com/mamochiro/mark-knowledge-base.git
   d4c1953..d69a27d  main -> main
Synced to GitHub at Mon Mar 30 10:00:03 +07 2026
[main eff7237] Backup: 2026-03-31 10:00
 2 files changed, 6 insertions(+)
To https://github.com/mamochiro/mark-knowledge-base.git
   d69a27d..eff7237  main -> main
Synced to GitHub at Tue Mar 31 10:00:03 +07 2026
[main 7445ba7] Backup: 2026-04-01 10:00
 2 files changed, 6 insertions(+)
To https://github.com/mamochiro/mark-knowledge-base.git
   eff7237..7445ba7  main -> main
Synced to GitHub at Wed Apr  1 10:00:03 +07 2026
[main 9e81235] Backup: 2026-04-01 22:00
 2 files changed, 6 insertions(+)
To https://github.com/mamochiro/mark-knowledge-base.git
   7445ba7..9e81235  main -> main
Synced to GitHub at Wed Apr  1 22:00:05 +07 2026
[main a1e92e0] Backup: 2026-04-02 10:00
 1 file changed, 5 insertions(+)
To https://github.com/mamochiro/mark-knowledge-base.git
   9e81235..a1e92e0  main -> main
Synced to GitHub at Thu Apr  2 10:00:03 +07 2026
[main 88aca3c] Backup: 2026-04-07 10:00
 2 files changed, 7 insertions(+)
To https://github.com/mamochiro/mark-knowledge-base.git
   a1e92e0..88aca3c  main -> main
Synced to GitHub at Tue Apr  7 10:00:04 +07 2026
[main 3285281] Backup: 2026-04-08 10:00
 2 files changed, 6 insertions(+)
To https://github.com/mamochiro/mark-knowledge-base.git
   88aca3c..3285281  main -> main
Synced to GitHub at Wed Apr  8 10:00:19 +07 2026
[main 4f8420b] Backup: 2026-04-09 10:00
 2 files changed, 6 insertions(+)
To https://github.com/mamochiro/mark-knowledge-base.git
   3285281..4f8420b  main -> main
Synced to GitHub at Thu Apr  9 10:00:02 +07 2026
[main c137173] Backup: 2026-04-10 10:00
 2 files changed, 6 insertions(+)
To https://github.com/mamochiro/mark-knowledge-base.git
   4f8420b..c137173  main -> main
Synced to GitHub at Fri Apr 10 10:00:37 +07 2026
[main ac28b68] Backup: 2026-04-12 10:00
 2 files changed, 6 insertions(+)
To https://github.com/mamochiro/mark-knowledge-base.git
   c137173..ac28b68  main -> main
Synced to GitHub at Sun Apr 12 10:00:04 +07 2026
[main 3143d26] Backup: 2026-04-12 22:00
 2 files changed, 6 insertions(+)
To https://github.com/mamochiro/mark-knowledge-base.git
   ac28b68..3143d26  main -> main
Synced to GitHub at Sun Apr 12 22:00:03 +07 2026
[main daeca13] Backup: 2026-04-14 22:08
 3 files changed, 7 insertions(+)
To https://github.com/mamochiro/mark-knowledge-base.git
   3143d26..daeca13  main -> main
Synced to GitHub at Tue Apr 14 22:08:59 +07 2026
[main ab1d3ef] Backup: 2026-04-15 22:00
 2 files changed, 6 insertions(+)
To https://github.com/mamochiro/mark-knowledge-base.git
   daeca13..ab1d3ef  main -> main
Synced to GitHub at Wed Apr 15 22:00:03 +07 2026
[main 2cdd3dd] Backup: 2026-04-16 10:00
 2 files changed, 7 insertions(+)
To https://github.com/mamochiro/mark-knowledge-base.git
   ab1d3ef..2cdd3dd  main -> main
Synced to GitHub at Thu Apr 16 10:00:04 +07 2026
[main d759a50] Backup: 2026-04-17 10:00
 2 files changed, 6 insertions(+)
To https://github.com/mamochiro/mark-knowledge-base.git
   2cdd3dd..d759a50  main -> main
Synced to GitHub at Fri Apr 17 10:00:04 +07 2026
[main 2239206] Backup: 2026-04-17 22:00
 2 files changed, 6 insertions(+)
To https://github.com/mamochiro/mark-knowledge-base.git
   d759a50..2239206  main -> main
Synced to GitHub at Fri Apr 17 22:00:04 +07 2026
[main d338be2] Backup: 2026-04-18 10:00
 1 file changed, 5 insertions(+)
To https://github.com/mamochiro/mark-knowledge-base.git
   2239206..d338be2  main -> main
Synced to GitHub at Sat Apr 18 10:15:26 +07 2026
[main c1aa162] Backup: 2026-04-19 10:00
 2 files changed, 6 insertions(+)
To https://github.com/mamochiro/mark-knowledge-base.git
   d338be2..c1aa162  main -> main
Synced to GitHub at Sun Apr 19 10:00:05 +07 2026
[main 089c0e6] Backup: 2026-04-19 22:00
 2 files changed, 6 insertions(+)
To https://github.com/mamochiro/mark-knowledge-base.git
   c1aa162..089c0e6  main -> main
Synced to GitHub at Sun Apr 19 22:00:03 +07 2026
[main 5e9ac4a] Backup: 2026-04-20 10:00
 1 file changed, 5 insertions(+)
To https://github.com/mamochiro/mark-knowledge-base.git
   089c0e6..5e9ac4a  main -> main
Synced to GitHub at Mon Apr 20 10:00:03 +07 2026
[main 76a2632] Backup: 2026-04-21 10:00
 2 files changed, 6 insertions(+)
To https://github.com/mamochiro/mark-knowledge-base.git
   5e9ac4a..76a2632  main -> main
Synced to GitHub at Tue Apr 21 10:00:03 +07 2026
[main 9f5de6e] Backup: 2026-04-21 22:00
 2 files changed, 6 insertions(+)
To https://github.com/mamochiro/mark-knowledge-base.git
   76a2632..9f5de6e  main -> main
Synced to GitHub at Tue Apr 21 22:00:05 +07 2026
[main fa8f7c7] Backup: 2026-04-22 10:00
 2 files changed, 7 insertions(+)
To https://github.com/mamochiro/mark-knowledge-base.git
   9f5de6e..fa8f7c7  main -> main
Synced to GitHub at Wed Apr 22 10:00:02 +07 2026
[main 7e62798] Backup: 2026-04-23 10:00
 3 files changed, 7 insertions(+)
To https://github.com/mamochiro/mark-knowledge-base.git
   fa8f7c7..7e62798  main -> main
Synced to GitHub at Thu Apr 23 10:00:03 +07 2026
[main 9465111] Backup: 2026-04-23 22:00
 2 files changed, 6 insertions(+)
To https://github.com/mamochiro/mark-knowledge-base.git
   7e62798..9465111  main -> main
Synced to GitHub at Thu Apr 23 22:00:03 +07 2026
[main 0583fe8] Backup: 2026-04-24 10:00
 2 files changed, 7 insertions(+)
To https://github.com/mamochiro/mark-knowledge-base.git
   9465111..0583fe8  main -> main
Synced to GitHub at Fri Apr 24 10:00:03 +07 2026
[main 67cdbe3] Backup: 2026-04-25 22:00
 2 files changed, 6 insertions(+)
To https://github.com/mamochiro/mark-knowledge-base.git
   0583fe8..67cdbe3  main -> main
Synced to GitHub at Sat Apr 25 22:00:03 +07 2026
[main fbf3539] Backup: 2026-04-26 10:00
 2 files changed, 7 insertions(+)
To https://github.com/mamochiro/mark-knowledge-base.git
   67cdbe3..fbf3539  main -> main
Synced to GitHub at Sun Apr 26 10:00:03 +07 2026
[main 4c70d2b] Backup: 2026-04-26 22:00
 2 files changed, 6 insertions(+)
To https://github.com/mamochiro/mark-knowledge-base.git
   fbf3539..4c70d2b  main -> main
Synced to GitHub at Sun Apr 26 22:00:03 +07 2026
[main 96e089e] Backup: 2026-04-27 10:00
 2 files changed, 7 insertions(+)
To https://github.com/mamochiro/mark-knowledge-base.git
   4c70d2b..96e089e  main -> main
Synced to GitHub at Mon Apr 27 10:00:02 +07 2026
[main cb0c93b] Backup: 2026-04-27 22:00
 2 files changed, 6 insertions(+)
To https://github.com/mamochiro/mark-knowledge-base.git
   96e089e..cb0c93b  main -> main
Synced to GitHub at Mon Apr 27 22:00:03 +07 2026
[main 18e8ccf] Backup: 2026-04-29 10:00
 3 files changed, 8 insertions(+)
To https://github.com/mamochiro/mark-knowledge-base.git
   cb0c93b..18e8ccf  main -> main
Synced to GitHub at Wed Apr 29 10:00:03 +07 2026
[main 848cfdc] Backup: 2026-04-29 22:00
 2 files changed, 6 insertions(+)
To https://github.com/mamochiro/mark-knowledge-base.git
   18e8ccf..848cfdc  main -> main
Synced to GitHub at Wed Apr 29 22:00:03 +07 2026
[main 41089a4] Backup: 2026-04-30 10:00
 1 file changed, 5 insertions(+)
To https://github.com/mamochiro/mark-knowledge-base.git
   848cfdc..41089a4  main -> main
Synced to GitHub at Thu Apr 30 10:00:03 +07 2026
[main 3571739] Backup: 2026-04-30 22:00
 2 files changed, 6 insertions(+)
To https://github.com/mamochiro/mark-knowledge-base.git
   41089a4..3571739  main -> main
Synced to GitHub at Thu Apr 30 22:00:03 +07 2026
[main 8f31fe5] Backup: 2026-05-01 22:00
 2 files changed, 6 insertions(+)
To https://github.com/mamochiro/mark-knowledge-base.git
   3571739..8f31fe5  main -> main
2026-05-01 22:00:03.671 osascript[54415:8888719] NSNotificationCenter connection invalid
2026-05-01 22:00:03.671 osascript[54415:8888719] Connection to notification center invalid. ServerConnectionFailure: 1 invalidated: 0
2026-05-01 22:00:03.671 osascript[54415:8888719] Connection to notification center invalid. ServerConnectionFailure: 1 invalidated: 0
Synced to GitHub at Fri May  1 22:00:03 +07 2026
[main ced706e] Backup: 2026-05-02 10:00
 1 file changed, 8 insertions(+)
To https://github.com/mamochiro/mark-knowledge-base.git
   8f31fe5..ced706e  main -> main
Synced to GitHub at Sat May  2 10:00:03 +07 2026
[main f114142] Backup: 2026-05-02 22:00
 2 files changed, 6 insertions(+)
To https://github.com/mamochiro/mark-knowledge-base.git
   ced706e..f114142  main -> main
Synced to GitHub at Sat May  2 22:00:05 +07 2026
[main e43b0b5] Backup: 2026-05-03 10:00
 2 files changed, 7 insertions(+)
To https://github.com/mamochiro/mark-knowledge-base.git
   f114142..e43b0b5  main -> main
Synced to GitHub at Sun May  3 10:00:03 +07 2026
[main f400c12] Backup: 2026-05-03 22:00
 2 files changed, 6 insertions(+)
To https://github.com/mamochiro/mark-knowledge-base.git
   e43b0b5..f400c12  main -> main
Synced to GitHub at Sun May  3 22:00:03 +07 2026
[main c287997] Backup: 2026-05-04 10:00
 2 files changed, 7 insertions(+)
To https://github.com/mamochiro/mark-knowledge-base.git
   f400c12..c287997  main -> main
Synced to GitHub at Mon May  4 10:00:03 +07 2026
[main 65cd194] Backup: 2026-05-04 22:00
 2 files changed, 6 insertions(+)
To https://github.com/mamochiro/mark-knowledge-base.git
   c287997..65cd194  main -> main
Synced to GitHub at Mon May  4 22:00:04 +07 2026
[main aed7dd2] Backup: 2026-05-05 10:00
 2 files changed, 6 insertions(+)
To https://github.com/mamochiro/mark-knowledge-base.git
   65cd194..aed7dd2  main -> main
Synced to GitHub at Tue May  5 10:00:03 +07 2026
[main 79021a4] Backup: 2026-05-06 10:00
 2 files changed, 6 insertions(+)
To https://github.com/mamochiro/mark-knowledge-base.git
   aed7dd2..79021a4  main -> main
Synced to GitHub at Wed May  6 10:00:04 +07 2026
[main 5e3b637] Backup: 2026-05-06 22:00
 2 files changed, 6 insertions(+)
To https://github.com/mamochiro/mark-knowledge-base.git
   79021a4..5e3b637  main -> main
Synced to GitHub at Wed May  6 22:00:04 +07 2026
[main 2f219ca] Backup: 2026-05-07 10:00
 2 files changed, 6 insertions(+)
To https://github.com/mamochiro/mark-knowledge-base.git
   5e3b637..2f219ca  main -> main
Synced to GitHub at Thu May  7 10:00:04 +07 2026
[main 0703bc3] Backup: 2026-05-07 22:00
 2 files changed, 6 insertions(+)
To https://github.com/mamochiro/mark-knowledge-base.git
   2f219ca..0703bc3  main -> main
Synced to GitHub at Thu May  7 22:00:04 +07 2026
[main 1646047] Backup: 2026-05-08 22:06
 3 files changed, 7 insertions(+)
To https://github.com/mamochiro/mark-knowledge-base.git
 ! [remote rejected] main -> main (cannot lock ref 'refs/heads/main': is at 164604725bf2e9bd37ca36d5d0cdf411c678110d but expected 0703bc32b56477d144dc84a23520ce92d22b3d64)
error: failed to push some refs to 'https://github.com/mamochiro/mark-knowledge-base.git'
Synced to GitHub at Fri May  8 22:06:42 +07 2026
[main ed54acb] Backup: 2026-05-09 22:00
 1 file changed, 6 insertions(+)
To https://github.com/mamochiro/mark-knowledge-base.git
   1646047..ed54acb  main -> main
Synced to GitHub at Sat May  9 22:00:03 +07 2026
[main 74994a4] Backup: 2026-05-10 10:00
 2 files changed, 6 insertions(+)
To https://github.com/mamochiro/mark-knowledge-base.git
   ed54acb..74994a4  main -> main
Synced to GitHub at Sun May 10 10:00:07 +07 2026
[main e10212c] Backup: 2026-05-10 22:00
 2 files changed, 6 insertions(+)
To https://github.com/mamochiro/mark-knowledge-base.git
   74994a4..e10212c  main -> main
Synced to GitHub at Sun May 10 22:00:03 +07 2026
[main 7dcc13d] Backup: 2026-05-11 10:00
 2 files changed, 7 insertions(+)
To https://github.com/mamochiro/mark-knowledge-base.git
   e10212c..7dcc13d  main -> main
Synced to GitHub at Mon May 11 10:00:03 +07 2026
[main e984c0c] Backup: 2026-05-11 22:00
 2 files changed, 6 insertions(+)
To https://github.com/mamochiro/mark-knowledge-base.git
   7dcc13d..e984c0c  main -> main
Synced to GitHub at Mon May 11 22:00:04 +07 2026
[main 8d5080e] Backup: 2026-05-12 10:02
 2 files changed, 6 insertions(+)
To https://github.com/mamochiro/mark-knowledge-base.git
   e984c0c..8d5080e  main -> main
Synced to GitHub at Tue May 12 10:02:07 +07 2026
[main 5fadf73] Backup: 2026-05-13 10:00
 2 files changed, 6 insertions(+)
To https://github.com/mamochiro/mark-knowledge-base.git
   8d5080e..5fadf73  main -> main
Synced to GitHub at Wed May 13 10:00:03 +07 2026
[main 11bc455] Backup: 2026-05-13 22:00
 2 files changed, 6 insertions(+)
To https://github.com/mamochiro/mark-knowledge-base.git
   5fadf73..11bc455  main -> main
Synced to GitHub at Wed May 13 22:00:04 +07 2026
[main 02187d9] Backup: 2026-05-14 10:00
 1 file changed, 5 insertions(+)
To https://github.com/mamochiro/mark-knowledge-base.git
   11bc455..02187d9  main -> main
Synced to GitHub at Thu May 14 10:00:04 +07 2026
[main 7582fcd] Backup: 2026-05-14 22:00
 2 files changed, 6 insertions(+)
To https://github.com/mamochiro/mark-knowledge-base.git
   02187d9..7582fcd  main -> main
Synced to GitHub at Thu May 14 22:00:04 +07 2026
[main 60a9ef3] Backup: 2026-05-15 10:00
 2 files changed, 6 insertions(+)
To https://github.com/mamochiro/mark-knowledge-base.git
   7582fcd..60a9ef3  main -> main
Synced to GitHub at Fri May 15 10:03:04 +07 2026
[main 85b0710] Backup: 2026-05-16 22:00
 2 files changed, 6 insertions(+)
To https://github.com/mamochiro/mark-knowledge-base.git
   60a9ef3..85b0710  main -> main
Synced to GitHub at Sat May 16 22:00:03 +07 2026
[main a8059b6] Backup: 2026-05-17 10:00
 1 file changed, 5 insertions(+)
To https://github.com/mamochiro/mark-knowledge-base.git
   85b0710..a8059b6  main -> main
Synced to GitHub at Sun May 17 10:00:03 +07 2026
[main 7c58866] Backup: 2026-05-17 22:01
 2 files changed, 6 insertions(+)
To https://github.com/mamochiro/mark-knowledge-base.git
   a8059b6..7c58866  main -> main
Synced to GitHub at Sun May 17 22:01:14 +07 2026
[main e84c572] Backup: 2026-05-18 10:00
 1 file changed, 5 insertions(+)
To https://github.com/mamochiro/mark-knowledge-base.git
   7c58866..e84c572  main -> main
Synced to GitHub at Mon May 18 10:00:04 +07 2026
[main 7f007c2] Backup: 2026-05-19 10:00
 2 files changed, 6 insertions(+)
To https://github.com/mamochiro/mark-knowledge-base.git
   e84c572..7f007c2  main -> main
Synced to GitHub at Tue May 19 10:00:04 +07 2026
[main d96f6a9] Backup: 2026-05-20 10:00
 2 files changed, 6 insertions(+)
To https://github.com/mamochiro/mark-knowledge-base.git
   7f007c2..d96f6a9  main -> main
Synced to GitHub at Wed May 20 10:00:06 +07 2026
[main 9e988cd] Backup: 2026-05-20 22:00
 2 files changed, 6 insertions(+)
To https://github.com/mamochiro/mark-knowledge-base.git
   d96f6a9..9e988cd  main -> main
Synced to GitHub at Wed May 20 22:00:05 +07 2026
[main 9c99e62] Backup: 2026-05-21 10:00
 2 files changed, 7 insertions(+)
To https://github.com/mamochiro/mark-knowledge-base.git
   9e988cd..9c99e62  main -> main
Synced to GitHub at Thu May 21 10:00:03 +07 2026
[main 07dbff7] Backup: 2026-05-21 22:00
 2 files changed, 6 insertions(+)
To https://github.com/mamochiro/mark-knowledge-base.git
   9c99e62..07dbff7  main -> main
Synced to GitHub at Thu May 21 22:00:06 +07 2026
[main 69580d6] Backup: 2026-05-22 10:00
 1 file changed, 5 insertions(+)
To https://github.com/mamochiro/mark-knowledge-base.git
   07dbff7..69580d6  main -> main
Synced to GitHub at Fri May 22 10:00:04 +07 2026
[main 865c4bf] Backup: 2026-05-23 22:00
 2 files changed, 6 insertions(+)
To https://github.com/mamochiro/mark-knowledge-base.git
   69580d6..865c4bf  main -> main
Synced to GitHub at Sat May 23 22:00:03 +07 2026
[main 9323afd] Backup: 2026-05-24 22:00
 1 file changed, 5 insertions(+)
To https://github.com/mamochiro/mark-knowledge-base.git
   865c4bf..9323afd  main -> main
Synced to GitHub at Sun May 24 22:00:05 +07 2026
[main ea0b554] Backup: 2026-05-25 10:00
 1 file changed, 5 insertions(+)
To https://github.com/mamochiro/mark-knowledge-base.git
   9323afd..ea0b554  main -> main
Synced to GitHub at Mon May 25 10:00:11 +07 2026
[main a976745] Backup: 2026-05-25 22:00
 2 files changed, 6 insertions(+)
To https://github.com/mamochiro/mark-knowledge-base.git
   ea0b554..a976745  main -> main
Synced to GitHub at Mon May 25 22:00:03 +07 2026
[main 13d80da] Backup: 2026-05-26 10:00
 1 file changed, 5 insertions(+)
To https://github.com/mamochiro/mark-knowledge-base.git
   a976745..13d80da  main -> main
Synced to GitHub at Tue May 26 10:00:05 +07 2026
[main b20a17b] Backup: 2026-05-27 10:00
 2 files changed, 6 insertions(+)
To https://github.com/mamochiro/mark-knowledge-base.git
   13d80da..b20a17b  main -> main
Synced to GitHub at Wed May 27 10:00:04 +07 2026
[main 84ad97d] Backup: 2026-05-27 22:00
 2 files changed, 6 insertions(+)
To https://github.com/mamochiro/mark-knowledge-base.git
   b20a17b..84ad97d  main -> main
Synced to GitHub at Wed May 27 22:00:04 +07 2026
[main 7eb50b8] Backup: 2026-05-28 10:00
 1 file changed, 5 insertions(+)
To https://github.com/mamochiro/mark-knowledge-base.git
   84ad97d..7eb50b8  main -> main
Synced to GitHub at Thu May 28 10:00:03 +07 2026
[main 42976fc] Backup: 2026-05-28 22:00
 2 files changed, 6 insertions(+)
To https://github.com/mamochiro/mark-knowledge-base.git
   7eb50b8..42976fc  main -> main
Synced to GitHub at Thu May 28 22:00:05 +07 2026
[main 618bf4e] Backup: 2026-05-29 10:00
 2 files changed, 6 insertions(+)
To https://github.com/mamochiro/mark-knowledge-base.git
   42976fc..618bf4e  main -> main
Synced to GitHub at Fri May 29 10:00:03 +07 2026
[main c2ac898] Backup: 2026-05-29 22:00
 2 files changed, 6 insertions(+)
To https://github.com/mamochiro/mark-knowledge-base.git
   618bf4e..c2ac898  main -> main
Synced to GitHub at Fri May 29 22:00:05 +07 2026
[main dc53b17] Backup: 2026-05-30 10:00
 2 files changed, 7 insertions(+)
To https://github.com/mamochiro/mark-knowledge-base.git
   c2ac898..dc53b17  main -> main
Synced to GitHub at Sat May 30 10:00:05 +07 2026
[main 593d230] Backup: 2026-05-30 22:00
 2 files changed, 6 insertions(+)
To https://github.com/mamochiro/mark-knowledge-base.git
   dc53b17..593d230  main -> main
Synced to GitHub at Sat May 30 22:00:03 +07 2026
[main b2a0fb0] Backup: 2026-05-31 10:00
 2 files changed, 7 insertions(+)
To https://github.com/mamochiro/mark-knowledge-base.git
   593d230..b2a0fb0  main -> main
Synced to GitHub at Sun May 31 10:00:04 +07 2026
[main 998dc80] Backup: 2026-05-31 22:00
 2 files changed, 6 insertions(+)
To https://github.com/mamochiro/mark-knowledge-base.git
   b2a0fb0..998dc80  main -> main
Synced to GitHub at Sun May 31 22:00:04 +07 2026
[main 4abf5fa] Backup: 2026-06-01 10:00
 2 files changed, 7 insertions(+)
To https://github.com/mamochiro/mark-knowledge-base.git
   998dc80..4abf5fa  main -> main
Synced to GitHub at Mon Jun  1 10:00:04 +07 2026
[main 671c735] Backup: 2026-06-01 22:00
 2 files changed, 6 insertions(+)
To https://github.com/mamochiro/mark-knowledge-base.git
   4abf5fa..671c735  main -> main
Synced to GitHub at Mon Jun  1 22:00:09 +07 2026
[main 7fb8cd1] Backup: 2026-06-02 22:00
 1 file changed, 5 insertions(+)
To https://github.com/mamochiro/mark-knowledge-base.git
   671c735..7fb8cd1  main -> main
Synced to GitHub at Tue Jun  2 22:00:03 +07 2026
[main a407d5f] Backup: 2026-06-03 22:00
 1 file changed, 5 insertions(+)
To https://github.com/mamochiro/mark-knowledge-base.git
   7fb8cd1..a407d5f  main -> main
Synced to GitHub at Wed Jun  3 22:00:05 +07 2026
[main 822d3a0] Backup: 2026-06-04 10:00
 2 files changed, 7 insertions(+)
To https://github.com/mamochiro/mark-knowledge-base.git
   a407d5f..822d3a0  main -> main
Synced to GitHub at Thu Jun  4 10:00:04 +07 2026
[main 12992e7] Backup: 2026-06-04 22:00
 2 files changed, 6 insertions(+)
To https://github.com/mamochiro/mark-knowledge-base.git
   822d3a0..12992e7  main -> main
Synced to GitHub at Thu Jun  4 22:00:05 +07 2026
[main 7228749] Backup: 2026-06-05 22:00
 1 file changed, 5 insertions(+)
To https://github.com/mamochiro/mark-knowledge-base.git
   12992e7..7228749  main -> main
Synced to GitHub at Fri Jun  5 22:00:04 +07 2026
[main b796929] Backup: 2026-06-06 22:00
 1 file changed, 5 insertions(+)
To https://github.com/mamochiro/mark-knowledge-base.git
   7228749..b796929  main -> main
Synced to GitHub at Sat Jun  6 22:00:03 +07 2026
[main 8c96c59] Backup: 2026-06-07 22:00
 1 file changed, 5 insertions(+)
To https://github.com/mamochiro/mark-knowledge-base.git
   b796929..8c96c59  main -> main
Synced to GitHub at Sun Jun  7 22:00:03 +07 2026
[main 0a3c8f1] Backup: 2026-06-08 10:00
 2 files changed, 7 insertions(+)
To https://github.com/mamochiro/mark-knowledge-base.git
   8c96c59..0a3c8f1  main -> main
Synced to GitHub at Mon Jun  8 10:00:03 +07 2026
[main b7777de] Backup: 2026-06-10 10:00
 2 files changed, 7 insertions(+)
To https://github.com/mamochiro/mark-knowledge-base.git
   0a3c8f1..b7777de  main -> main
Synced to GitHub at Wed Jun 10 10:00:03 +07 2026
[main 3e53fda] Backup: 2026-06-10 22:00
 2 files changed, 6 insertions(+)
To https://github.com/mamochiro/mark-knowledge-base.git
   b7777de..3e53fda  main -> main
Synced to GitHub at Wed Jun 10 22:00:04 +07 2026
[main 269610e] Backup: 2026-06-11 10:00
 2 files changed, 6 insertions(+)
To https://github.com/mamochiro/mark-knowledge-base.git
   3e53fda..269610e  main -> main
Synced to GitHub at Thu Jun 11 10:00:03 +07 2026
[main 3da131b] Backup: 2026-06-11 22:00
 2 files changed, 6 insertions(+)
To https://github.com/mamochiro/mark-knowledge-base.git
   269610e..3da131b  main -> main
Synced to GitHub at Thu Jun 11 22:00:04 +07 2026
[main 7a164de] Backup: 2026-06-12 10:00
 2 files changed, 7 insertions(+)
To https://github.com/mamochiro/mark-knowledge-base.git
   3da131b..7a164de  main -> main
Synced to GitHub at Fri Jun 12 10:00:04 +07 2026
[main bedd2d5] Backup: 2026-06-12 22:00
 1 file changed, 5 insertions(+)
To https://github.com/mamochiro/mark-knowledge-base.git
   7a164de..bedd2d5  main -> main
Synced to GitHub at Fri Jun 12 22:00:05 +07 2026
[main 7128d25] Backup: 2026-06-13 10:00
 2 files changed, 7 insertions(+)
To https://github.com/mamochiro/mark-knowledge-base.git
   bedd2d5..7128d25  main -> main
Synced to GitHub at Sat Jun 13 10:00:04 +07 2026
[main 59b2e53] Backup: 2026-06-13 22:00
 2 files changed, 6 insertions(+)
To https://github.com/mamochiro/mark-knowledge-base.git
   7128d25..59b2e53  main -> main
Synced to GitHub at Sat Jun 13 22:00:04 +07 2026
[main 3ebce82] Backup: 2026-06-14 10:00
 2 files changed, 7 insertions(+)
To https://github.com/mamochiro/mark-knowledge-base.git
   59b2e53..3ebce82  main -> main
Synced to GitHub at Sun Jun 14 10:00:04 +07 2026
[main eaa838e] Backup: 2026-06-14 22:00
 2 files changed, 6 insertions(+)
To https://github.com/mamochiro/mark-knowledge-base.git
   3ebce82..eaa838e  main -> main
Synced to GitHub at Sun Jun 14 22:00:07 +07 2026
[main c3b6d18] Backup: 2026-06-15 10:00
 1 file changed, 5 insertions(+)
To https://github.com/mamochiro/mark-knowledge-base.git
   eaa838e..c3b6d18  main -> main
Synced to GitHub at Mon Jun 15 10:00:04 +07 2026
[main 0cfa34c] Backup: 2026-06-15 22:00
 2 files changed, 6 insertions(+)
To https://github.com/mamochiro/mark-knowledge-base.git
   c3b6d18..0cfa34c  main -> main
Synced to GitHub at Mon Jun 15 22:00:04 +07 2026
[main 8a592c0] Backup: 2026-06-16 10:00
 1 file changed, 5 insertions(+)
To https://github.com/mamochiro/mark-knowledge-base.git
   0cfa34c..8a592c0  main -> main
Synced to GitHub at Tue Jun 16 10:00:03 +07 2026
[main d9bac15] Backup: 2026-06-17 10:00
 3 files changed, 7 insertions(+)
To https://github.com/mamochiro/mark-knowledge-base.git
   8a592c0..d9bac15  main -> main
Synced to GitHub at Wed Jun 17 10:00:03 +07 2026
[main 1cfc67c] Backup: 2026-06-17 22:00
 2 files changed, 6 insertions(+)
To https://github.com/mamochiro/mark-knowledge-base.git
   d9bac15..1cfc67c  main -> main
Synced to GitHub at Wed Jun 17 22:00:04 +07 2026
[main 537a56a] Backup: 2026-06-18 10:00
 1 file changed, 5 insertions(+)
To https://github.com/mamochiro/mark-knowledge-base.git
   1cfc67c..537a56a  main -> main
Synced to GitHub at Thu Jun 18 10:00:03 +07 2026
[main b6c7b56] Backup: 2026-06-18 22:00
 2 files changed, 6 insertions(+)
To https://github.com/mamochiro/mark-knowledge-base.git
   537a56a..b6c7b56  main -> main
Synced to GitHub at Thu Jun 18 22:00:03 +07 2026
[main e00c6a1] Backup: 2026-06-19 10:00
 2 files changed, 6 insertions(+)
To https://github.com/mamochiro/mark-knowledge-base.git
   b6c7b56..e00c6a1  main -> main
Synced to GitHub at Fri Jun 19 10:00:03 +07 2026
[main d3bbef5] Backup: 2026-06-19 22:00
 2 files changed, 6 insertions(+)
To https://github.com/mamochiro/mark-knowledge-base.git
   e00c6a1..d3bbef5  main -> main
Synced to GitHub at Fri Jun 19 22:00:03 +07 2026
[main 0685675] Backup: 2026-06-20 10:00
 2 files changed, 7 insertions(+)
To https://github.com/mamochiro/mark-knowledge-base.git
   d3bbef5..0685675  main -> main
Synced to GitHub at Sat Jun 20 10:00:03 +07 2026
[main 9fccc3c] Backup: 2026-06-20 22:00
 2 files changed, 6 insertions(+)
To https://github.com/mamochiro/mark-knowledge-base.git
   0685675..9fccc3c  main -> main
Synced to GitHub at Sat Jun 20 22:00:03 +07 2026
[main beb98be] Backup: 2026-06-21 10:00
 2 files changed, 7 insertions(+)
To https://github.com/mamochiro/mark-knowledge-base.git
   9fccc3c..beb98be  main -> main
Synced to GitHub at Sun Jun 21 10:00:02 +07 2026
[main 97b1eb5] Backup: 2026-06-21 22:00
 2 files changed, 6 insertions(+)
To https://github.com/mamochiro/mark-knowledge-base.git
   beb98be..97b1eb5  main -> main
Synced to GitHub at Sun Jun 21 22:00:03 +07 2026
[main 617d64d] Backup: 2026-06-22 10:00
 2 files changed, 7 insertions(+)
To https://github.com/mamochiro/mark-knowledge-base.git
   97b1eb5..617d64d  main -> main
Synced to GitHub at Mon Jun 22 10:00:03 +07 2026
[main 52a0744] Backup: 2026-06-22 22:00
 2 files changed, 6 insertions(+)
To https://github.com/mamochiro/mark-knowledge-base.git
   617d64d..52a0744  main -> main
Synced to GitHub at Mon Jun 22 22:00:03 +07 2026
[main a9ba15c] Backup: 2026-06-23 10:00
 2 files changed, 7 insertions(+)
To https://github.com/mamochiro/mark-knowledge-base.git
   52a0744..a9ba15c  main -> main
Synced to GitHub at Tue Jun 23 10:00:03 +07 2026
[main ac16634] Backup: 2026-06-23 22:00
 2 files changed, 6 insertions(+)
To https://github.com/mamochiro/mark-knowledge-base.git
   a9ba15c..ac16634  main -> main
Synced to GitHub at Tue Jun 23 22:00:03 +07 2026
[main 8255ff9] Backup: 2026-06-24 10:00
 2 files changed, 7 insertions(+)
To https://github.com/mamochiro/mark-knowledge-base.git
   ac16634..8255ff9  main -> main
Synced to GitHub at Wed Jun 24 10:00:03 +07 2026
[main 6e6284d] Backup: 2026-06-24 22:00
 2 files changed, 6 insertions(+)
To https://github.com/mamochiro/mark-knowledge-base.git
   8255ff9..6e6284d  main -> main
Synced to GitHub at Wed Jun 24 22:00:03 +07 2026
[main 8034d6d] Backup: 2026-06-25 10:00
 2 files changed, 7 insertions(+)
To https://github.com/mamochiro/mark-knowledge-base.git
   6e6284d..8034d6d  main -> main
Synced to GitHub at Thu Jun 25 10:00:02 +07 2026
[main 8bff05f] Backup: 2026-06-25 22:00
 2 files changed, 6 insertions(+)
To https://github.com/mamochiro/mark-knowledge-base.git
   8034d6d..8bff05f  main -> main
Synced to GitHub at Thu Jun 25 22:00:04 +07 2026
[main c152f38] Backup: 2026-06-26 10:00
 2 files changed, 7 insertions(+)
To https://github.com/mamochiro/mark-knowledge-base.git
   8bff05f..c152f38  main -> main
Synced to GitHub at Fri Jun 26 10:00:02 +07 2026
[main 7228b87] Backup: 2026-06-26 22:00
 2 files changed, 6 insertions(+)
To https://github.com/mamochiro/mark-knowledge-base.git
   c152f38..7228b87  main -> main
Synced to GitHub at Fri Jun 26 22:00:03 +07 2026
[main d530217] Backup: 2026-06-27 10:00
 2 files changed, 7 insertions(+)
To https://github.com/mamochiro/mark-knowledge-base.git
   7228b87..d530217  main -> main
Synced to GitHub at Sat Jun 27 10:00:03 +07 2026
[main f6d1d77] Backup: 2026-06-27 22:00
 2 files changed, 6 insertions(+)
To https://github.com/mamochiro/mark-knowledge-base.git
   d530217..f6d1d77  main -> main
Synced to GitHub at Sat Jun 27 22:00:03 +07 2026
[main 85cca68] Backup: 2026-06-28 10:01
 2 files changed, 7 insertions(+)
To https://github.com/mamochiro/mark-knowledge-base.git
   f6d1d77..85cca68  main -> main
Synced to GitHub at Sun Jun 28 10:02:45 +07 2026
[main 1bf004b] Backup: 2026-06-28 22:02
 2 files changed, 6 insertions(+)
To https://github.com/mamochiro/mark-knowledge-base.git
   85cca68..1bf004b  main -> main
Synced to GitHub at Sun Jun 28 22:10:34 +07 2026
[main 1a5297e] Backup: 2026-06-30 10:00
 3 files changed, 8 insertions(+)
To https://github.com/mamochiro/mark-knowledge-base.git
   1bf004b..1a5297e  main -> main
2026-06-30 10:00:08.581 osascript[13855:157117] NSNotificationCenter connection invalid
2026-06-30 10:00:08.581 osascript[13855:157117] Connection to notification center invalid. ServerConnectionFailure: 1 invalidated: 0
2026-06-30 10:00:08.581 osascript[13855:157117] Connection to notification center invalid. ServerConnectionFailure: 1 invalidated: 0
Synced to GitHub at Tue Jun 30 10:00:08 +07 2026
[main d3956ab] Backup: 2026-07-01 10:00
 3 files changed, 11 insertions(+)
To https://github.com/mamochiro/mark-knowledge-base.git
   1a5297e..d3956ab  main -> main
Synced to GitHub at Wed Jul  1 10:00:03 +07 2026
[main ae81559] Backup: 2026-07-01 22:00
 2 files changed, 6 insertions(+)
To https://github.com/mamochiro/mark-knowledge-base.git
   d3956ab..ae81559  main -> main
Synced to GitHub at Wed Jul  1 22:00:03 +07 2026
[main c1af09b] Backup: 2026-07-02 10:00
 2 files changed, 7 insertions(+)
To https://github.com/mamochiro/mark-knowledge-base.git
   ae81559..c1af09b  main -> main
Synced to GitHub at Thu Jul  2 10:00:03 +07 2026
[main 02a01c6] Backup: 2026-07-02 22:00
 2 files changed, 6 insertions(+)
To https://github.com/mamochiro/mark-knowledge-base.git
   c1af09b..02a01c6  main -> main
Synced to GitHub at Thu Jul  2 22:00:03 +07 2026
[main a1da962] Backup: 2026-07-03 10:00
 2 files changed, 7 insertions(+)
To https://github.com/mamochiro/mark-knowledge-base.git
   02a01c6..a1da962  main -> main
Synced to GitHub at Fri Jul  3 10:00:03 +07 2026
[main 3e88515] Backup: 2026-07-03 22:00
 2 files changed, 6 insertions(+)
To https://github.com/mamochiro/mark-knowledge-base.git
   a1da962..3e88515  main -> main
Synced to GitHub at Fri Jul  3 22:00:03 +07 2026
[main dcbee6a] Backup: 2026-07-04 10:00
 2 files changed, 7 insertions(+)
To https://github.com/mamochiro/mark-knowledge-base.git
   3e88515..dcbee6a  main -> main
Synced to GitHub at Sat Jul  4 10:00:02 +07 2026
[main 25fc9cf] Backup: 2026-07-04 22:00
 2 files changed, 6 insertions(+)
To https://github.com/mamochiro/mark-knowledge-base.git
   dcbee6a..25fc9cf  main -> main
Synced to GitHub at Sat Jul  4 22:00:04 +07 2026
[main cbe81f1] Backup: 2026-07-05 10:00
 2 files changed, 7 insertions(+)
To https://github.com/mamochiro/mark-knowledge-base.git
   25fc9cf..cbe81f1  main -> main
Synced to GitHub at Sun Jul  5 10:00:03 +07 2026
[main fcc96fb] Backup: 2026-07-05 22:00
 2 files changed, 6 insertions(+)
To https://github.com/mamochiro/mark-knowledge-base.git
   cbe81f1..fcc96fb  main -> main
Synced to GitHub at Sun Jul  5 22:00:06 +07 2026
[main a8f5a6f] Backup: 2026-07-06 10:00
 1 file changed, 5 insertions(+)
To https://github.com/mamochiro/mark-knowledge-base.git
   fcc96fb..a8f5a6f  main -> main
Synced to GitHub at Mon Jul  6 10:00:05 +07 2026
[main 07935a0] Backup: 2026-07-06 22:00
 2 files changed, 6 insertions(+)
To https://github.com/mamochiro/mark-knowledge-base.git
   a8f5a6f..07935a0  main -> main
Synced to GitHub at Mon Jul  6 22:00:05 +07 2026
[main abbc1a8] Backup: 2026-07-07 10:00
 2 files changed, 7 insertions(+)
To https://github.com/mamochiro/mark-knowledge-base.git
   07935a0..abbc1a8  main -> main
Synced to GitHub at Tue Jul  7 10:00:12 +07 2026
[main ee1405b] Backup: 2026-07-07 22:00
 2 files changed, 6 insertions(+)
To https://github.com/mamochiro/mark-knowledge-base.git
   abbc1a8..ee1405b  main -> main
Synced to GitHub at Tue Jul  7 22:00:03 +07 2026
[main 3bea8a7] Backup: 2026-07-08 10:00
 2 files changed, 7 insertions(+)
To https://github.com/mamochiro/mark-knowledge-base.git
   ee1405b..3bea8a7  main -> main
Synced to GitHub at Wed Jul  8 10:00:02 +07 2026
[main 3e97790] Backup: 2026-07-08 22:00
 2 files changed, 6 insertions(+)
To https://github.com/mamochiro/mark-knowledge-base.git
   3bea8a7..3e97790  main -> main
Synced to GitHub at Wed Jul  8 22:00:04 +07 2026
[main 52aec14] Backup: 2026-07-09 10:00
 2 files changed, 7 insertions(+)
To https://github.com/mamochiro/mark-knowledge-base.git
   3e97790..52aec14  main -> main
Synced to GitHub at Thu Jul  9 10:00:03 +07 2026
[main 86fb352] Backup: 2026-07-09 22:00
 2 files changed, 6 insertions(+)
To https://github.com/mamochiro/mark-knowledge-base.git
   52aec14..86fb352  main -> main
Synced to GitHub at Thu Jul  9 22:00:03 +07 2026
[main 30ad309] Backup: 2026-07-10 10:00
 2 files changed, 7 insertions(+)
To https://github.com/mamochiro/mark-knowledge-base.git
   86fb352..30ad309  main -> main
Synced to GitHub at Fri Jul 10 10:00:04 +07 2026
[main 9145c8a] Backup: 2026-07-10 22:00
 2 files changed, 6 insertions(+)
To https://github.com/mamochiro/mark-knowledge-base.git
   30ad309..9145c8a  main -> main
Synced to GitHub at Fri Jul 10 22:00:04 +07 2026
[main fe1358d] Backup: 2026-07-11 10:00
 2 files changed, 7 insertions(+)
To https://github.com/mamochiro/mark-knowledge-base.git
   9145c8a..fe1358d  main -> main
Synced to GitHub at Sat Jul 11 10:00:03 +07 2026
[main 924c233] Backup: 2026-07-11 22:00
 2 files changed, 6 insertions(+)
To https://github.com/mamochiro/mark-knowledge-base.git
   fe1358d..924c233  main -> main
Synced to GitHub at Sat Jul 11 22:00:03 +07 2026
[main f73de43] Backup: 2026-07-12 10:00
 2 files changed, 7 insertions(+)
To https://github.com/mamochiro/mark-knowledge-base.git
   924c233..f73de43  main -> main
Synced to GitHub at Sun Jul 12 10:00:03 +07 2026
[main c731598] Backup: 2026-07-12 22:00
 2 files changed, 6 insertions(+)
To https://github.com/mamochiro/mark-knowledge-base.git
   f73de43..c731598  main -> main
Synced to GitHub at Sun Jul 12 22:00:03 +07 2026
